<?xml version="1.0" encoding="UTF-8"?>
<testng-results skipped="0" failed="1" total="1" passed="0">
  <reporter-output>
  </reporter-output>
  <suite name="Default suite" duration-ms="87805" started-at="2017-02-16T21:40:39Z" finished-at="2017-02-16T21:42:06Z">
    <groups>
    </groups>
    <test name="Default test" duration-ms="87805" started-at="2017-02-16T21:40:39Z" finished-at="2017-02-16T21:42:06Z">
      <class name="com.ServiceNow.TestCases.ServiceNowLogin">
        <test-method status="PASS" signature="initilazation()[pri:0, instance:com.ServiceNow.TestCases.ServiceNowLogin@6aeb35e6]" name="initilazation" is-config="true" duration-ms="18222" started-at="2017-02-17T03:10:39Z" finished-at="2017-02-17T03:10:57Z">
          <reporter-output>
          </reporter-output>
        </test-method> <!-- initilazation -->
        <test-method status="PASS" signature="start()[pri:0, instance:com.ServiceNow.TestCases.ServiceNowLogin@6aeb35e6]" name="start" is-config="true" duration-ms="2" started-at="2017-02-17T03:10:57Z" finished-at="2017-02-17T03:10:57Z">
          <reporter-output>
          </reporter-output>
        </test-method> <!-- start -->
        <test-method status="FAIL" signature="TC_001_ServiceNow_Login_TestCases()[pri:0, instance:com.ServiceNow.TestCases.ServiceNowLogin@6aeb35e6]" name="TC_001_ServiceNow_Login_TestCases" duration-ms="69520" started-at="2017-02-17T03:10:57Z" description="TC_001_ServiceNow Login TestCases" finished-at="2017-02-17T03:12:06Z">
          <exception class="org.openqa.selenium.NoSuchElementException">
            <message>
              <![CDATA[Please Check the locator:  "frameCss=#gsft_main~~~byCss=#user_name";
For documentation on this error, please visit: http://seleniumhq.org/exceptions/no_such_element.html
Build info: version: '2.53.1', revision: 'a36b8b1cd5757287168e54b817830adce9b0158d', time: '2016-06-30 19:26:09'
System info: host: '01LTP0053', ip: '10.0.0.2', os.name: 'Windows 7', os.arch: 'amd64', os.version: '6.1', java.version: '1.8.0_77'
Driver info: driver.version: unknown]]>
            </message>
            <full-stacktrace>
              <![CDATA[org.openqa.selenium.NoSuchElementException: Please Check the locator:  "frameCss=#gsft_main~~~byCss=#user_name";
For documentation on this error, please visit: http://seleniumhq.org/exceptions/no_such_element.html
Build info: version: '2.53.1', revision: 'a36b8b1cd5757287168e54b817830adce9b0158d', time: '2016-06-30 19:26:09'
System info: host: '01LTP0053', ip: '10.0.0.2', os.name: 'Windows 7', os.arch: 'amd64', os.version: '6.1', java.version: '1.8.0_77'
Driver info: driver.version: unknown
	at com.ServiceNow.hybrid.GeneralKeywords.findElement(GeneralKeywords.java:190)
	at com.ServiceNow.hybrid.GeneralKeywords.enterText(GeneralKeywords.java:114)
	at com.ServiceNow.hybrid.KeyWords.executeKeywords(KeyWords.java:117)
	at com.ServiceNow.TestCases.ServiceNowLogin.TC_001_ServiceNow_Login_TestCases(ServiceNowLogin.java:86)
	at sun.reflect.NativeMethodAccessorImpl.invoke0(Native Method)
	at sun.reflect.NativeMethodAccessorImpl.invoke(NativeMethodAccessorImpl.java:62)
	at sun.reflect.DelegatingMethodAccessorImpl.invoke(DelegatingMethodAccessorImpl.java:43)
	at java.lang.reflect.Method.invoke(Method.java:498)
	at org.testng.internal.MethodInvocationHelper.invokeMethod(MethodInvocationHelper.java:80)
	at org.testng.internal.Invoker.invokeMethod(Invoker.java:715)
	at org.testng.internal.Invoker.invokeTestMethod(Invoker.java:907)
	at org.testng.internal.Invoker.invokeTestMethods(Invoker.java:1237)
	at org.testng.internal.TestMethodWorker.invokeTestMethods(TestMethodWorker.java:127)
	at org.testng.internal.TestMethodWorker.run(TestMethodWorker.java:111)
	at org.testng.TestRunner.privateRun(TestRunner.java:767)
	at org.testng.TestRunner.run(TestRunner.java:617)
	at org.testng.SuiteRunner.runTest(SuiteRunner.java:334)
	at org.testng.SuiteRunner.runSequentially(SuiteRunner.java:329)
	at org.testng.SuiteRunner.privateRun(SuiteRunner.java:291)
	at org.testng.SuiteRunner.run(SuiteRunner.java:240)
	at org.testng.SuiteRunnerWorker.runSuite(SuiteRunnerWorker.java:51)
	at org.testng.SuiteRunnerWorker.run(SuiteRunnerWorker.java:85)
	at org.testng.TestNG.runSuitesSequentially(TestNG.java:1197)
	at org.testng.TestNG.runSuitesLocally(TestNG.java:1122)
	at org.testng.TestNG.run(TestNG.java:1030)
	at org.testng.remote.AbstractRemoteTestNG.run(AbstractRemoteTestNG.java:132)
	at org.testng.remote.RemoteTestNG.initAndRun(RemoteTestNG.java:236)
	at org.testng.remote.RemoteTestNG.main(RemoteTestNG.java:81)
]]>
            </full-stacktrace>
          </exception> <!-- org.openqa.selenium.NoSuchElementException -->
          <reporter-output>
          </reporter-output>
        </test-method> <!-- TC_001_ServiceNow_Login_TestCases -->
        <test-method status="PASS" signature="generatePDFReport()[pri:0, instance:com.ServiceNow.TestCases.ServiceNowLogin@6aeb35e6]" name="generatePDFReport" is-config="true" duration-ms="1" started-at="2017-02-17T03:12:06Z" finished-at="2017-02-17T03:12:06Z">
          <reporter-output>
          </reporter-output>
        </test-method> <!-- generatePDFReport -->
      </class> <!-- com.ServiceNow.TestCases.ServiceNowLogin -->
    </test> <!-- Default test -->
  </suite> <!-- Default suite -->
</testng-results>
